2022-05-10 11:03:34,192 : ERROR : main :  : WindowsDefenderExceptionHandler :  :  : PowerShell command powershell -inputformat none -outputformat text -NonInteractive -Command Get-Item -Path 'Registry::HKEY_LOCAL_MACHINE\SOFTWARE\Microsoft\Windows Defender\Exclusions\Processes' -ErrorAction Stop | Select-Object -ExpandProperty Property did not terminate successfully.
2022-05-10 11:03:34,193 : ERROR : main :  : WindowsDefenderExceptionHandler :  :  : Stderr is:
2022-05-10 11:03:34,193 : ERROR : main :  : WindowsDefenderExceptionHandler :  :  : Get-Item : Der angeforderte Registrierungszugriff ist unzul„ssig.
2022-05-10 11:03:34,194 : ERROR : main :  : WindowsDefenderExceptionHandler :  :  : In Zeile:1 Zeichen:1
2022-05-10 11:03:34,194 : ERROR : main :  : WindowsDefenderExceptionHandler :  :  : + Get-Item -Path 'Registry::HKEY_LOCAL_MACHINE\SOFTWARE\Microsoft\Windo ...
2022-05-10 11:03:34,194 : ERROR : main :  : WindowsDefenderExceptionHandler :  :  : + ~~~~~~~~~~~~~~~~~~~~~~~~~~~~~~~~~~~~~~~~~~~~~~~~~~~~~~~~~~~~~~~~~~~~~
2022-05-10 11:03:34,194 : ERROR : main :  : WindowsDefenderExceptionHandler :  :  :     + CategoryInfo          : PermissionDenied: (HKEY_LOCAL_MACH...sions\Processes:String) [Get-Item], SecurityExcepti 
2022-05-10 11:03:34,195 : ERROR : main :  : WindowsDefenderExceptionHandler :  :  :    on
2022-05-10 11:03:34,195 : ERROR : main :  : WindowsDefenderExceptionHandler :  :  :     + FullyQualifiedErrorId : System.Security.SecurityException,Microsoft.PowerShell.Commands.GetItemCommand
2022-05-10 11:03:34,195 : ERROR : main :  : WindowsDefenderExceptionHandler :  :  :  
2022-05-10 11:04:14,360 : ERROR : ModalContext :  : FeatureTypeFactory : Network Creator : 0:78 : Problems during initialization of basic feature type (for extension 'org.knime.network.core.core.feature.FeatureTypeSDF'.)
org.eclipse.core.runtime.CoreException: Plug-in "org.knime.network.base" was unable to instantiate class "org.knime.network.core.core.feature.FeatureTypeSDF".
	at org.eclipse.core.internal.registry.osgi.RegistryStrategyOSGI.throwException(RegistryStrategyOSGI.java:212)
	at org.eclipse.core.internal.registry.osgi.RegistryStrategyOSGI.createExecutableExtension(RegistryStrategyOSGI.java:206)
	at org.eclipse.core.internal.registry.ExtensionRegistry.createExecutableExtension(ExtensionRegistry.java:920)
	at org.eclipse.core.internal.registry.ConfigurationElement.createExecutableExtension(ConfigurationElement.java:246)
	at org.eclipse.core.internal.registry.ConfigurationElementHandle.createExecutableExtension(ConfigurationElementHandle.java:63)
	at org.knime.network.core.core.feature.FeatureTypeFactory.registerExtensionPoints(FeatureTypeFactory.java:180)
	at org.knime.network.core.core.feature.FeatureTypeFactory.<init>(FeatureTypeFactory.java:131)
	at org.knime.network.core.core.feature.FeatureTypeFactory.getInstance(FeatureTypeFactory.java:143)
	at org.knime.network.core.core.feature.FeatureTypeFactory.getBasicTypesMap(FeatureTypeFactory.java:355)
	at org.knime.network.core.core.feature.FeatureTypeFactory.getBasicType(FeatureTypeFactory.java:350)
	at org.knime.network.core.core.feature.FeatureTypeFactory.getType(FeatureTypeFactory.java:316)
	at org.knime.network.core.core.GraphMetaData.loadFeatureInfo(GraphMetaData.java:534)
	at org.knime.network.core.core.GraphMetaData.loadFeatureMetaData(GraphMetaData.java:525)
	at org.knime.network.core.core.GraphMetaData.load(GraphMetaData.java:486)
	at org.knime.network.core.knime.port.GraphPortObjectSpec.load(GraphPortObjectSpec.java:125)
	at org.knime.network.core.knime.port.GraphPortObjectSpec$Serializer.loadPortObjectSpec(GraphPortObjectSpec.java:93)
	at org.knime.network.core.knime.port.GraphPortObjectSpec$Serializer.loadPortObjectSpec(GraphPortObjectSpec.java:1)
	at org.knime.core.node.FileNodePersistor.loadPortObject(FileNodePersistor.java:430)
	at org.knime.core.node.FileNodePersistor.loadPort(FileNodePersistor.java:373)
	at org.knime.core.node.FileNodePersistor.loadPorts(FileNodePersistor.java:330)
	at org.knime.core.node.FileNodePersistor.load(FileNodePersistor.java:995)
	at org.knime.core.node.workflow.FileNativeNodeContainerPersistor.loadNCAndWashModelSettings(FileNativeNodeContainerPersistor.java:254)
	at org.knime.core.node.workflow.FileSingleNodeContainerPersistor.loadNodeContainer(FileSingleNodeContainerPersistor.java:268)
	at org.knime.core.node.workflow.WorkflowManager.postLoad(WorkflowManager.java:8516)
	at org.knime.core.node.workflow.WorkflowManager.loadContent(WorkflowManager.java:8417)
	at org.knime.core.node.workflow.WorkflowManager.postLoad(WorkflowManager.java:8532)
	at org.knime.core.node.workflow.WorkflowManager.loadContent(WorkflowManager.java:8417)
	at org.knime.core.node.workflow.WorkflowManager.load(WorkflowManager.java:8371)
	at org.knime.core.node.workflow.WorkflowManager.load(WorkflowManager.java:8292)
	at org.knime.core.node.workflow.WorkflowManager.load(WorkflowManager.java:8265)
	at org.knime.core.node.workflow.WorkflowManager.loadProject(WorkflowManager.java:8110)
	at org.knime.workbench.editor2.LoadWorkflowRunnable.run(LoadWorkflowRunnable.java:184)
	at org.eclipse.jface.operation.ModalContext$ModalContextThread.run(ModalContext.java:122)
Caused by: java.lang.NoClassDefFoundError: org/knime/chem/types/SdfValue
	at org.knime.network.core.core.feature.FeatureTypeSDF.<init>(FeatureTypeSDF.java:81)
	at org.knime.network.core.core.feature.FeatureTypeSDF.<clinit>(FeatureTypeSDF.java:65)
	at java.base/jdk.internal.reflect.NativeConstructorAccessorImpl.newInstance0(Native Method)
	at java.base/jdk.internal.reflect.NativeConstructorAccessorImpl.newInstance(Unknown Source)
	at java.base/jdk.internal.reflect.DelegatingConstructorAccessorImpl.newInstance(Unknown Source)
	at java.base/java.lang.reflect.Constructor.newInstance(Unknown Source)
	at org.eclipse.core.internal.registry.osgi.RegistryStrategyOSGI.createExecutableExtension(RegistryStrategyOSGI.java:204)
	... 31 more
Caused by: java.lang.ClassNotFoundException: org.knime.chem.types.SdfValue cannot be found by org.knime.network.base_4.5.0.v202110151442
	at org.eclipse.osgi.internal.loader.BundleLoader.findClass(BundleLoader.java:519)
	at org.eclipse.osgi.internal.loader.ModuleClassLoader.loadClass(ModuleClassLoader.java:171)
	at java.base/java.lang.ClassLoader.loadClass(Unknown Source)
	... 38 more
